# JRE version: OpenJDK Runtime Environment (16.0.1+9) (build 16.0.1+9-24)
# Java VM: OpenJDK 64-Bit Server VM (16.0.1+9-24, mixed mode, tiered, compressed oops, compressed class ptrs, g1 gc, windows-amd64)
GC Precious Log:
 CPUs: 12 total, 12 available
 Memory: 16284M
 Large Page Support: Disabled
 NUMA Support: Disabled
 Compressed Oops: Enabled (Zero based)
 Heap Region Size: 2M
 Heap Min Capacity: 8M
 Heap Initial Capacity: 256M
 Heap Max Capacity: 4072M
 Pre-touch: Disabled
 Parallel Workers: 10
 Concurrent Workers: 3
 Concurrent Refinement Workers: 10
 Periodic GC: Disabled
Heap:
 garbage-first heap   total 337920K, used 224569K [0x0000000701800000, 0x0000000800000000)
  region size 2048K, 9 young (18432K), 4 survivors (8192K)
 Metaspace       used 15095K, committed 15360K, reserved 1064960K
  class space    used 1356K, committed 1472K, reserved 1048576K
GC Heap History (20 events):
Event: 25.053 GC heap before
{Heap before GC invocations=4 (full 0):
 garbage-first heap   total 262144K, used 148503K [0x0000000701800000, 0x0000000800000000)
  region size 2048K, 48 young (98304K), 6 survivors (12288K)
 Metaspace       used 15016K, committed 15296K, reserved 1064960K
  class space    used 1343K, committed 1472K, reserved 1048576K
}
Event: 25.086 GC heap after
{Heap after GC invocations=5 (full 0):
 garbage-first heap   total 262144K, used 85498K [0x0000000701800000, 0x0000000800000000)
  region size 2048K, 6 young (12288K), 6 survivors (12288K)
 Metaspace       used 15016K, committed 15296K, reserved 1064960K
  class space    used 1343K, committed 1472K, reserved 1048576K
}
Event: 44.099 GC heap before
{Heap before GC invocations=5 (full 0):
 garbage-first heap   total 262144K, used 171514K [0x0000000701800000, 0x0000000800000000)
  region size 2048K, 48 young (98304K), 6 survivors (12288K)
 Metaspace       used 15031K, committed 15296K, reserved 1064960K
  class space    used 1344K, committed 1472K, reserved 1048576K
}
Event: 44.128 GC heap after
{Heap after GC invocations=6 (full 0):
 garbage-first heap   total 262144K, used 103969K [0x0000000701800000, 0x0000000800000000)
  region size 2048K, 6 young (12288K), 6 survivors (12288K)
 Metaspace       used 15031K, committed 15296K, reserved 1064960K
  class space    used 1344K, committed 1472K, reserved 1048576K
}
Event: 58.335 GC heap before
{Heap before GC invocations=6 (full 0):
 garbage-first heap   total 262144K, used 185889K [0x0000000701800000, 0x0000000800000000)
  region size 2048K, 46 young (94208K), 6 survivors (12288K)
 Metaspace       used 15081K, committed 15360K, reserved 1064960K
  class space    used 1354K, committed 1472K, reserved 1048576K
}
Event: 58.360 GC heap after
{Heap after GC invocations=7 (full 0):
 garbage-first heap   total 262144K, used 131560K [0x0000000701800000, 0x0000000800000000)
  region size 2048K, 6 young (12288K), 6 survivors (12288K)
 Metaspace       used 15081K, committed 15360K, reserved 1064960K
  class space    used 1354K, committed 1472K, reserved 1048576K
}
Event: 66.749 GC heap before
{Heap before GC invocations=7 (full 0):
 garbage-first heap   total 262144K, used 188904K [0x0000000701800000, 0x0000000800000000)
  region size 2048K, 35 young (71680K), 6 survivors (12288K)
 Metaspace       used 15087K, committed 15360K, reserved 1064960K
  class space    used 1354K, committed 1472K, reserved 1048576K
}
Event: 66.792 GC heap after
{Heap after GC invocations=8 (full 0):
 garbage-first heap   total 262144K, used 153361K [0x0000000701800000, 0x0000000800000000)
  region size 2048K, 5 young (10240K), 5 survivors (10240K)
 Metaspace       used 15087K, committed 15360K, reserved 1064960K
  class space    used 1354K, committed 1472K, reserved 1048576K
}
Event: 75.221 GC heap before
{Heap before GC invocations=9 (full 0):
 garbage-first heap   total 262144K, used 198417K [0x0000000701800000, 0x0000000800000000)
  region size 2048K, 27 young (55296K), 5 survivors (10240K)
 Metaspace       used 15092K, committed 15360K, reserved 1064960K
  class space    used 1354K, committed 1472K, reserved 1048576K
}
Event: 75.270 GC heap after
{Heap after GC invocations=10 (full 0):
 garbage-first heap   total 262144K, used 168448K [0x0000000701800000, 0x0000000800000000)
  region size 2048K, 4 young (8192K), 4 survivors (8192K)
 Metaspace       used 15092K, committed 15360K, reserved 1064960K
  class space    used 1354K, committed 1472K, reserved 1048576K
}
Event: 77.964 GC heap before
{Heap before GC invocations=10 (full 0):
 garbage-first heap   total 262144K, used 199168K [0x0000000701800000, 0x0000000800000000)
  region size 2048K, 20 young (40960K), 4 survivors (8192K)
 Metaspace       used 15092K, committed 15360K, reserved 1064960K
  class space    used 1354K, committed 1472K, reserved 1048576K
}
Event: 77.989 GC heap after
{Heap after GC invocations=11 (full 0):
 garbage-first heap   total 262144K, used 176548K [0x0000000701800000, 0x0000000800000000)
  region size 2048K, 3 young (6144K), 3 survivors (6144K)
 Metaspace       used 15092K, committed 15360K, reserved 1064960K
  class space    used 1354K, committed 1472K, reserved 1048576K
}
Event: 81.326 GC heap before
{Heap before GC invocations=12 (full 0):
 garbage-first heap   total 311296K, used 213412K [0x0000000701800000, 0x0000000800000000)
  region size 2048K, 19 young (38912K), 3 survivors (6144K)
 Metaspace       used 15092K, committed 15360K, reserved 1064960K
  class space    used 1354K, committed 1472K, reserved 1048576K
}
Event: 81.335 GC heap after
{Heap after GC invocations=13 (full 0):
 garbage-first heap   total 311296K, used 187691K [0x0000000701800000, 0x0000000800000000)
  region size 2048K, 3 young (6144K), 3 survivors (6144K)
 Metaspace       used 15092K, committed 15360K, reserved 1064960K
  class space    used 1354K, committed 1472K, reserved 1048576K
}
Event: 89.231 GC heap before
{Heap before GC invocations=13 (full 0):
 garbage-first heap   total 311296K, used 240939K [0x0000000701800000, 0x0000000800000000)
  region size 2048K, 30 young (61440K), 3 survivors (6144K)
 Metaspace       used 15092K, committed 15360K, reserved 1064960K
  class space    used 1354K, committed 1472K, reserved 1048576K
}
Event: 89.337 GC heap after
{Heap after GC invocations=14 (full 0):
 garbage-first heap   total 311296K, used 200875K [0x0000000701800000, 0x0000000800000000)
  region size 2048K, 4 young (8192K), 4 survivors (8192K)
 Metaspace       used 15092K, committed 15360K, reserved 1064960K
  class space    used 1354K, committed 1472K, reserved 1048576K
}
Event: 94.896 GC heap before
{Heap before GC invocations=15 (full 0):
 garbage-first heap   total 337920K, used 239787K [0x0000000701800000, 0x0000000800000000)
  region size 2048K, 25 young (51200K), 4 survivors (8192K)
 Metaspace       used 15092K, committed 15360K, reserved 1064960K
  class space    used 1354K, committed 1472K, reserved 1048576K
}
Event: 94.978 GC heap after
{Heap after GC invocations=16 (full 0):
 garbage-first heap   total 337920K, used 207320K [0x0000000701800000, 0x0000000800000000)
  region size 2048K, 4 young (8192K), 4 survivors (8192K)
 Metaspace       used 15092K, committed 15360K, reserved 1064960K
  class space    used 1354K, committed 1472K, reserved 1048576K
}
Event: 101.494 GC heap before
{Heap before GC invocations=16 (full 0):
 garbage-first heap   total 337920K, used 264664K [0x0000000701800000, 0x0000000800000000)
  region size 2048K, 32 young (65536K), 4 survivors (8192K)
 Metaspace       used 15095K, committed 15360K, reserved 1064960K
  class space    used 1356K, committed 1472K, reserved 1048576K
}
Event: 101.518 GC heap after
{Heap after GC invocations=17 (full 0):
 garbage-first heap   total 337920K, used 216377K [0x0000000701800000, 0x0000000800000000)
  region size 2048K, 4 young (8192K), 4 survivors (8192K)
 Metaspace       used 15095K, committed 15360K, reserved 1064960K
  class space    used 1356K, committed 1472K, reserved 1048576K
}

