# JRE version: OpenJDK Runtime Environment (16.0.1+9) (build 16.0.1+9-24)
# Java VM: OpenJDK 64-Bit Server VM (16.0.1+9-24, mixed mode, tiered, compressed oops, compressed class ptrs, g1 gc, windows-amd64)
GC Precious Log:
 CPUs: 12 total, 12 available
 Memory: 16284M
 Large Page Support: Disabled
 NUMA Support: Disabled
 Compressed Oops: Enabled (Zero based)
 Heap Region Size: 2M
 Heap Min Capacity: 8M
 Heap Initial Capacity: 256M
 Heap Max Capacity: 4072M
 Pre-touch: Disabled
 Parallel Workers: 10
 Concurrent Workers: 3
 Concurrent Refinement Workers: 10
 Periodic GC: Disabled
Heap:
 garbage-first heap   total 262144K, used 75112K [0x0000000701800000, 0x0000000800000000)
  region size 2048K, 35 young (71680K), 1 survivors (2048K)
 Metaspace       used 16083K, committed 16256K, reserved 1064960K
  class space    used 1490K, committed 1536K, reserved 1048576K
GC Heap History (20 events):
Event: 23613.472 GC heap before
{Heap before GC invocations=1529 (full 0):
 garbage-first heap   total 262144K, used 161126K [0x0000000701800000, 0x0000000800000000)
  region size 2048K, 76 young (155648K), 1 survivors (2048K)
 Metaspace       used 16083K, committed 16256K, reserved 1064960K
  class space    used 1490K, committed 1536K, reserved 1048576K
}
Event: 23613.473 GC heap after
{Heap after GC invocations=1530 (full 0):
 garbage-first heap   total 262144K, used 7526K [0x0000000701800000, 0x0000000800000000)
  region size 2048K, 1 young (2048K), 1 survivors (2048K)
 Metaspace       used 16083K, committed 16256K, reserved 1064960K
  class space    used 1490K, committed 1536K, reserved 1048576K
}
Event: 23628.359 GC heap before
{Heap before GC invocations=1530 (full 0):
 garbage-first heap   total 262144K, used 161126K [0x0000000701800000, 0x0000000800000000)
  region size 2048K, 76 young (155648K), 1 survivors (2048K)
 Metaspace       used 16083K, committed 16256K, reserved 1064960K
  class space    used 1490K, committed 1536K, reserved 1048576K
}
Event: 23628.360 GC heap after
{Heap after GC invocations=1531 (full 0):
 garbage-first heap   total 262144K, used 7526K [0x0000000701800000, 0x0000000800000000)
  region size 2048K, 1 young (2048K), 1 survivors (2048K)
 Metaspace       used 16083K, committed 16256K, reserved 1064960K
  class space    used 1490K, committed 1536K, reserved 1048576K
}
Event: 23643.273 GC heap before
{Heap before GC invocations=1531 (full 0):
 garbage-first heap   total 262144K, used 161126K [0x0000000701800000, 0x0000000800000000)
  region size 2048K, 76 young (155648K), 1 survivors (2048K)
 Metaspace       used 16083K, committed 16256K, reserved 1064960K
  class space    used 1490K, committed 1536K, reserved 1048576K
}
Event: 23643.274 GC heap after
{Heap after GC invocations=1532 (full 0):
 garbage-first heap   total 262144K, used 7526K [0x0000000701800000, 0x0000000800000000)
  region size 2048K, 1 young (2048K), 1 survivors (2048K)
 Metaspace       used 16083K, committed 16256K, reserved 1064960K
  class space    used 1490K, committed 1536K, reserved 1048576K
}
Event: 23658.207 GC heap before
{Heap before GC invocations=1532 (full 0):
 garbage-first heap   total 262144K, used 161126K [0x0000000701800000, 0x0000000800000000)
  region size 2048K, 76 young (155648K), 1 survivors (2048K)
 Metaspace       used 16083K, committed 16256K, reserved 1064960K
  class space    used 1490K, committed 1536K, reserved 1048576K
}
Event: 23658.208 GC heap after
{Heap after GC invocations=1533 (full 0):
 garbage-first heap   total 262144K, used 7530K [0x0000000701800000, 0x0000000800000000)
  region size 2048K, 1 young (2048K), 1 survivors (2048K)
 Metaspace       used 16083K, committed 16256K, reserved 1064960K
  class space    used 1490K, committed 1536K, reserved 1048576K
}
Event: 23673.130 GC heap before
{Heap before GC invocations=1533 (full 0):
 garbage-first heap   total 262144K, used 161130K [0x0000000701800000, 0x0000000800000000)
  region size 2048K, 76 young (155648K), 1 survivors (2048K)
 Metaspace       used 16083K, committed 16256K, reserved 1064960K
  class space    used 1490K, committed 1536K, reserved 1048576K
}
Event: 23673.131 GC heap after
{Heap after GC invocations=1534 (full 0):
 garbage-first heap   total 262144K, used 7524K [0x0000000701800000, 0x0000000800000000)
  region size 2048K, 1 young (2048K), 1 survivors (2048K)
 Metaspace       used 16083K, committed 16256K, reserved 1064960K
  class space    used 1490K, committed 1536K, reserved 1048576K
}
Event: 23688.147 GC heap before
{Heap before GC invocations=1534 (full 0):
 garbage-first heap   total 262144K, used 161124K [0x0000000701800000, 0x0000000800000000)
  region size 2048K, 76 young (155648K), 1 survivors (2048K)
 Metaspace       used 16083K, committed 16256K, reserved 1064960K
  class space    used 1490K, committed 1536K, reserved 1048576K
}
Event: 23688.148 GC heap after
{Heap after GC invocations=1535 (full 0):
 garbage-first heap   total 262144K, used 7528K [0x0000000701800000, 0x0000000800000000)
  region size 2048K, 1 young (2048K), 1 survivors (2048K)
 Metaspace       used 16083K, committed 16256K, reserved 1064960K
  class space    used 1490K, committed 1536K, reserved 1048576K
}
Event: 23703.135 GC heap before
{Heap before GC invocations=1535 (full 0):
 garbage-first heap   total 262144K, used 161128K [0x0000000701800000, 0x0000000800000000)
  region size 2048K, 76 young (155648K), 1 survivors (2048K)
 Metaspace       used 16083K, committed 16256K, reserved 1064960K
  class space    used 1490K, committed 1536K, reserved 1048576K
}
Event: 23703.136 GC heap after
{Heap after GC invocations=1536 (full 0):
 garbage-first heap   total 262144K, used 7522K [0x0000000701800000, 0x0000000800000000)
  region size 2048K, 1 young (2048K), 1 survivors (2048K)
 Metaspace       used 16083K, committed 16256K, reserved 1064960K
  class space    used 1490K, committed 1536K, reserved 1048576K
}
Event: 23718.126 GC heap before
{Heap before GC invocations=1536 (full 0):
 garbage-first heap   total 262144K, used 161122K [0x0000000701800000, 0x0000000800000000)
  region size 2048K, 76 young (155648K), 1 survivors (2048K)
 Metaspace       used 16083K, committed 16256K, reserved 1064960K
  class space    used 1490K, committed 1536K, reserved 1048576K
}
Event: 23718.127 GC heap after
{Heap after GC invocations=1537 (full 0):
 garbage-first heap   total 262144K, used 7526K [0x0000000701800000, 0x0000000800000000)
  region size 2048K, 1 young (2048K), 1 survivors (2048K)
 Metaspace       used 16083K, committed 16256K, reserved 1064960K
  class space    used 1490K, committed 1536K, reserved 1048576K
}
Event: 23733.093 GC heap before
{Heap before GC invocations=1537 (full 0):
 garbage-first heap   total 262144K, used 161126K [0x0000000701800000, 0x0000000800000000)
  region size 2048K, 76 young (155648K), 1 survivors (2048K)
 Metaspace       used 16083K, committed 16256K, reserved 1064960K
  class space    used 1490K, committed 1536K, reserved 1048576K
}
Event: 23733.094 GC heap after
{Heap after GC invocations=1538 (full 0):
 garbage-first heap   total 262144K, used 7528K [0x0000000701800000, 0x0000000800000000)
  region size 2048K, 1 young (2048K), 1 survivors (2048K)
 Metaspace       used 16083K, committed 16256K, reserved 1064960K
  class space    used 1490K, committed 1536K, reserved 1048576K
}
Event: 23748.024 GC heap before
{Heap before GC invocations=1538 (full 0):
 garbage-first heap   total 262144K, used 161128K [0x0000000701800000, 0x0000000800000000)
  region size 2048K, 76 young (155648K), 1 survivors (2048K)
 Metaspace       used 16083K, committed 16256K, reserved 1064960K
  class space    used 1490K, committed 1536K, reserved 1048576K
}
Event: 23748.025 GC heap after
{Heap after GC invocations=1539 (full 0):
 garbage-first heap   total 262144K, used 7528K [0x0000000701800000, 0x0000000800000000)
  region size 2048K, 1 young (2048K), 1 survivors (2048K)
 Metaspace       used 16083K, committed 16256K, reserved 1064960K
  class space    used 1490K, committed 1536K, reserved 1048576K
}

